\BOOKMARK [1][-]{section*.1}{Contents}{}% 1
\BOOKMARK [1][-]{section.1}{Package GroundSegment}{}% 2
\BOOKMARK [2][-]{subsection.1.1}{Modules}{section.1}% 3
\BOOKMARK [2][-]{subsection.1.2}{Variables}{section.1}% 4
\BOOKMARK [1][-]{section.2}{Package GroundSegment.Utils}{}% 5
\BOOKMARK [2][-]{subsection.2.1}{Modules}{section.2}% 6
\BOOKMARK [2][-]{subsection.2.2}{Variables}{section.2}% 7
\BOOKMARK [1][-]{section.3}{Module GroundSegment.Utils.EMailThread}{}% 8
\BOOKMARK [2][-]{subsection.3.1}{Variables}{section.3}% 9
\BOOKMARK [2][-]{subsection.3.2}{Class EmailThread}{section.3}% 10
\BOOKMARK [3][-]{subsubsection.3.2.1}{Methods}{subsection.3.2}% 11
\BOOKMARK [3][-]{subsubsection.3.2.2}{Properties}{subsection.3.2}% 12
\BOOKMARK [1][-]{section.4}{Module GroundSegment.Utils.Utils}{}% 13
\BOOKMARK [2][-]{subsection.4.1}{Functions}{section.4}% 14
\BOOKMARK [1][-]{section.5}{Module GroundSegment.Utils.UtilsFunctions}{}% 15
\BOOKMARK [2][-]{subsection.5.1}{Functions}{section.5}% 16
\BOOKMARK [2][-]{subsection.5.2}{Variables}{section.5}% 17
\BOOKMARK [1][-]{section.6}{Package GroundSegment.Verification}{}% 18
\BOOKMARK [2][-]{subsection.6.1}{Modules}{section.6}% 19
\BOOKMARK [2][-]{subsection.6.2}{Variables}{section.6}% 20
\BOOKMARK [1][-]{section.7}{Package GroundSegment.Verification.Alarms}{}% 21
\BOOKMARK [2][-]{subsection.7.1}{Modules}{section.7}% 22
\BOOKMARK [2][-]{subsection.7.2}{Variables}{section.7}% 23
\BOOKMARK [1][-]{section.8}{Module GroundSegment.Verification.Alarms.tests}{}% 24
\BOOKMARK [2][-]{subsection.8.1}{Class AlarmTestCase}{section.8}% 25
\BOOKMARK [3][-]{subsubsection.8.1.1}{Methods}{subsection.8.1}% 26
\BOOKMARK [1][-]{section.9}{Package GroundSegment.Verification.Notification}{}% 27
\BOOKMARK [2][-]{subsection.9.1}{Modules}{section.9}% 28
\BOOKMARK [2][-]{subsection.9.2}{Variables}{section.9}% 29
\BOOKMARK [1][-]{section.10}{Module GroundSegment.Verification.Notification.tests}{}% 30
\BOOKMARK [2][-]{subsection.10.1}{Class Test}{section.10}% 31
\BOOKMARK [3][-]{subsubsection.10.1.1}{Methods}{subsection.10.1}% 32
\BOOKMARK [1][-]{section.11}{Module GroundSegment.Verification.tests}{}% 33
\BOOKMARK [2][-]{subsection.11.1}{Class Test}{section.11}% 34
\BOOKMARK [3][-]{subsubsection.11.1.1}{Methods}{subsection.11.1}% 35
\BOOKMARK [1][-]{section.12}{Module GroundSegment.admin}{}% 36
\BOOKMARK [2][-]{subsection.12.1}{Class SatelliteAdmin}{section.12}% 37
\BOOKMARK [2][-]{subsection.12.2}{Class ParameterAdmin}{section.12}% 38
\BOOKMARK [3][-]{subsubsection.12.2.1}{Class Variables}{subsection.12.2}% 39
\BOOKMARK [2][-]{subsection.12.3}{Class CommandTypeAdmin}{section.12}% 40
\BOOKMARK [3][-]{subsubsection.12.3.1}{Class Variables}{subsection.12.3}% 41
\BOOKMARK [2][-]{subsection.12.4}{Class SatelliteStateAdmin}{section.12}% 42
\BOOKMARK [2][-]{subsection.12.5}{Class AlarmTypeAdmin}{section.12}% 43
\BOOKMARK [2][-]{subsection.12.6}{Class AlarmAdmin}{section.12}% 44
\BOOKMARK [2][-]{subsection.12.7}{Class CriticityAdmin}{section.12}% 45
\BOOKMARK [2][-]{subsection.12.8}{Class AlarmStateAdmin}{section.12}% 46
\BOOKMARK [2][-]{subsection.12.9}{Class PasadaAdmin}{section.12}% 47
\BOOKMARK [2][-]{subsection.12.10}{Class SitioAdmin}{section.12}% 48
\BOOKMARK [2][-]{subsection.12.11}{Class ContactAdmin}{section.12}% 49
\BOOKMARK [3][-]{subsubsection.12.11.1}{Class Variables}{subsection.12.11}% 50
\BOOKMARK [2][-]{subsection.12.12}{Class AlarmTypeNotificationTypeAdmin}{section.12}% 51
\BOOKMARK [3][-]{subsubsection.12.12.1}{Class Variables}{subsection.12.12}% 52
\BOOKMARK [2][-]{subsection.12.13}{Class MessageTemplateAdmin}{section.12}% 53
\BOOKMARK [2][-]{subsection.12.14}{Class NotificationTypeAdmin}{section.12}% 54
\BOOKMARK [2][-]{subsection.12.15}{Class NotificationAdmin}{section.12}% 55
\BOOKMARK [2][-]{subsection.12.16}{Class TmlyVarTypeAdmin}{section.12}% 56
\BOOKMARK [3][-]{subsubsection.12.16.1}{Class Variables}{subsection.12.16}% 57
\BOOKMARK [2][-]{subsection.12.17}{Class TmlyVarAdmin}{section.12}% 58
\BOOKMARK [2][-]{subsection.12.18}{Class CalibrationAdmin}{section.12}% 59
\BOOKMARK [2][-]{subsection.12.19}{Class SubSystemAdmin}{section.12}% 60
\BOOKMARK [2][-]{subsection.12.20}{Class LogAdmin}{section.12}% 61
\BOOKMARK [3][-]{subsubsection.12.20.1}{Methods}{subsection.12.20}% 62
\BOOKMARK [3][-]{subsubsection.12.20.2}{Class Variables}{subsection.12.20}% 63
\BOOKMARK [1][-]{section.13}{Module GroundSegment.forms}{}% 64
\BOOKMARK [2][-]{subsection.13.1}{Class SimulatorForm}{section.13}% 65
\BOOKMARK [3][-]{subsubsection.13.1.1}{Methods}{subsection.13.1}% 66
\BOOKMARK [2][-]{subsection.13.2}{Class PropagateTestForm}{section.13}% 67
\BOOKMARK [3][-]{subsubsection.13.2.1}{Methods}{subsection.13.2}% 68
\BOOKMARK [1][-]{section.14}{Package GroundSegment.migrations}{}% 69
\BOOKMARK [2][-]{subsection.14.1}{Variables}{section.14}% 70
\BOOKMARK [1][-]{section.15}{Package GroundSegment.models}{}% 71
\BOOKMARK [2][-]{subsection.15.1}{Modules}{section.15}% 72
\BOOKMARK [1][-]{section.16}{Package GroundSegment.models}{}% 73
\BOOKMARK [2][-]{subsection.16.1}{Modules}{section.16}% 74
\BOOKMARK [1][-]{section.17}{Package GroundSegment.models.Alarm}{}% 75
\BOOKMARK [2][-]{subsection.17.1}{Modules}{section.17}% 76
\BOOKMARK [1][-]{section.18}{Module GroundSegment.models.Alarm.Action}{}% 77
\BOOKMARK [2][-]{subsection.18.1}{Class Action}{section.18}% 78
\BOOKMARK [1][-]{section.19}{Module GroundSegment.models.Alarm.Alarm}{}% 79
\BOOKMARK [2][-]{subsection.19.1}{Variables}{section.19}% 80
\BOOKMARK [2][-]{subsection.19.2}{Class Alarm}{section.19}% 81
\BOOKMARK [3][-]{subsubsection.19.2.1}{Methods}{subsection.19.2}% 82
\BOOKMARK [3][-]{subsubsection.19.2.2}{Class Variables}{subsection.19.2}% 83
\BOOKMARK [1][-]{section.20}{Module GroundSegment.models.Alarm.AlarmState}{}% 84
\BOOKMARK [2][-]{subsection.20.1}{Class AlarmState}{section.20}% 85
\BOOKMARK [3][-]{subsubsection.20.1.1}{Methods}{subsection.20.1}% 86
\BOOKMARK [3][-]{subsubsection.20.1.2}{Class Variables}{subsection.20.1}% 87
\BOOKMARK [1][-]{section.21}{Module GroundSegment.models.Alarm.AlarmType}{}% 88
\BOOKMARK [2][-]{subsection.21.1}{Class AlarmType}{section.21}% 89
\BOOKMARK [3][-]{subsubsection.21.1.1}{Methods}{subsection.21.1}% 90
\BOOKMARK [3][-]{subsubsection.21.1.2}{Class Variables}{subsection.21.1}% 91
\BOOKMARK [1][-]{section.22}{Module GroundSegment.models.Alarm.Criticity}{}% 92
\BOOKMARK [2][-]{subsection.22.1}{Class Criticity}{section.22}% 93
\BOOKMARK [3][-]{subsubsection.22.1.1}{Methods}{subsection.22.1}% 94
\BOOKMARK [3][-]{subsubsection.22.1.2}{Class Variables}{subsection.22.1}% 95
\BOOKMARK [1][-]{section.23}{Module GroundSegment.models.Calibration}{}% 96
\BOOKMARK [2][-]{subsection.23.1}{Class Calibration}{section.23}% 97
\BOOKMARK [3][-]{subsubsection.23.1.1}{Methods}{subsection.23.1}% 98
\BOOKMARK [3][-]{subsubsection.23.1.2}{Class Variables}{subsection.23.1}% 99
\BOOKMARK [1][-]{section.24}{Module GroundSegment.models.CommandType}{}% 100
\BOOKMARK [2][-]{subsection.24.1}{Class CommandType}{section.24}% 101
\BOOKMARK [3][-]{subsubsection.24.1.1}{Methods}{subsection.24.1}% 102
\BOOKMARK [3][-]{subsubsection.24.1.2}{Class Variables}{subsection.24.1}% 103
\BOOKMARK [1][-]{section.25}{Module GroundSegment.models.CommandTypeParameter}{}% 104
\BOOKMARK [2][-]{subsection.25.1}{Class CommandTypeParameter}{section.25}% 105
\BOOKMARK [1][-]{section.26}{Module GroundSegment.models.Consts}{}% 106
\BOOKMARK [2][-]{subsection.26.1}{Class Consts}{section.26}% 107
\BOOKMARK [3][-]{subsubsection.26.1.1}{Methods}{subsection.26.1}% 108
\BOOKMARK [3][-]{subsubsection.26.1.2}{Properties}{subsection.26.1}% 109
\BOOKMARK [3][-]{subsubsection.26.1.3}{Class Variables}{subsection.26.1}% 110
\BOOKMARK [1][-]{section.27}{Module GroundSegment.models.Log}{}% 111
\BOOKMARK [2][-]{subsection.27.1}{Class Log}{section.27}% 112
\BOOKMARK [3][-]{subsubsection.27.1.1}{Methods}{subsection.27.1}% 113
\BOOKMARK [3][-]{subsubsection.27.1.2}{Class Variables}{subsection.27.1}% 114
\BOOKMARK [1][-]{section.28}{Package GroundSegment.models.Notification}{}% 115
\BOOKMARK [2][-]{subsection.28.1}{Modules}{section.28}% 116
\BOOKMARK [1][-]{section.29}{Module GroundSegment.models.Notification.AlarmTypeNotificationType}{}% 117
\BOOKMARK [2][-]{subsection.29.1}{Class AlarmTypeNotificationType}{section.29}% 118
\BOOKMARK [3][-]{subsubsection.29.1.1}{Methods}{subsection.29.1}% 119
\BOOKMARK [3][-]{subsubsection.29.1.2}{Class Variables}{subsection.29.1}% 120
\BOOKMARK [1][-]{section.30}{Module GroundSegment.models.Notification.Contact}{}% 121
\BOOKMARK [2][-]{subsection.30.1}{Class Contact}{section.30}% 122
\BOOKMARK [3][-]{subsubsection.30.1.1}{Methods}{subsection.30.1}% 123
\BOOKMARK [3][-]{subsubsection.30.1.2}{Class Variables}{subsection.30.1}% 124
\BOOKMARK [1][-]{section.31}{Module GroundSegment.models.Notification.MessageTemplate}{}% 125
\BOOKMARK [2][-]{subsection.31.1}{Class MessageTemplate}{section.31}% 126
\BOOKMARK [3][-]{subsubsection.31.1.1}{Methods}{subsection.31.1}% 127
\BOOKMARK [3][-]{subsubsection.31.1.2}{Class Variables}{subsection.31.1}% 128
\BOOKMARK [1][-]{section.32}{Module GroundSegment.models.Notification.Notification}{}% 129
\BOOKMARK [2][-]{subsection.32.1}{Class Notification}{section.32}% 130
\BOOKMARK [3][-]{subsubsection.32.1.1}{Methods}{subsection.32.1}% 131
\BOOKMARK [3][-]{subsubsection.32.1.2}{Class Variables}{subsection.32.1}% 132
\BOOKMARK [1][-]{section.33}{Module GroundSegment.models.Notification.NotificationType}{}% 133
\BOOKMARK [2][-]{subsection.33.1}{Class NotificationType}{section.33}% 134
\BOOKMARK [3][-]{subsubsection.33.1.1}{Methods}{subsection.33.1}% 135
\BOOKMARK [3][-]{subsubsection.33.1.2}{Class Variables}{subsection.33.1}% 136
\BOOKMARK [3][-]{subsubsection.33.1.3}{Instance Variables}{subsection.33.1}% 137
\BOOKMARK [1][-]{section.34}{Module GroundSegment.models.PacketType}{}% 138
\BOOKMARK [2][-]{subsection.34.1}{Class PacketType}{section.34}% 139
\BOOKMARK [3][-]{subsubsection.34.1.1}{Class Variables}{subsection.34.1}% 140
\BOOKMARK [1][-]{section.35}{Module GroundSegment.models.Parameter}{}% 141
\BOOKMARK [2][-]{subsection.35.1}{Class Parameter}{section.35}% 142
\BOOKMARK [3][-]{subsubsection.35.1.1}{Methods}{subsection.35.1}% 143
\BOOKMARK [3][-]{subsubsection.35.1.2}{Class Variables}{subsection.35.1}% 144
\BOOKMARK [1][-]{section.36}{Module GroundSegment.models.Pasada}{}% 145
\BOOKMARK [2][-]{subsection.36.1}{Class Pasada}{section.36}% 146
\BOOKMARK [3][-]{subsubsection.36.1.1}{Methods}{subsection.36.1}% 147
\BOOKMARK [3][-]{subsubsection.36.1.2}{Class Variables}{subsection.36.1}% 148
\BOOKMARK [1][-]{section.37}{Module GroundSegment.models.Propagation}{}% 149
\BOOKMARK [2][-]{subsection.37.1}{Class Propagation}{section.37}% 150
\BOOKMARK [3][-]{subsubsection.37.1.1}{Class Variables}{subsection.37.1}% 151
\BOOKMARK [1][-]{section.38}{Module GroundSegment.models.PropagationDetail}{}% 152
\BOOKMARK [2][-]{subsection.38.1}{Class PropagationDetail}{section.38}% 153
\BOOKMARK [3][-]{subsubsection.38.1.1}{Methods}{subsection.38.1}% 154
\BOOKMARK [3][-]{subsubsection.38.1.2}{Class Variables}{subsection.38.1}% 155
\BOOKMARK [1][-]{section.39}{Module GroundSegment.models.Satellite}{}% 156
\BOOKMARK [2][-]{subsection.39.1}{Class Satellite}{section.39}% 157
\BOOKMARK [3][-]{subsubsection.39.1.1}{Methods}{subsection.39.1}% 158
\BOOKMARK [3][-]{subsubsection.39.1.2}{Class Variables}{subsection.39.1}% 159
\BOOKMARK [1][-]{section.40}{Module GroundSegment.models.SatelliteState}{}% 160
\BOOKMARK [2][-]{subsection.40.1}{Class SatelliteState}{section.40}% 161
\BOOKMARK [3][-]{subsubsection.40.1.1}{Methods}{subsection.40.1}% 162
\BOOKMARK [3][-]{subsubsection.40.1.2}{Class Variables}{subsection.40.1}% 163
\BOOKMARK [1][-]{section.41}{Module GroundSegment.models.Site}{}% 164
\BOOKMARK [2][-]{subsection.41.1}{Class Site}{section.41}% 165
\BOOKMARK [3][-]{subsubsection.41.1.1}{Methods}{subsection.41.1}% 166
\BOOKMARK [3][-]{subsubsection.41.1.2}{Class Variables}{subsection.41.1}% 167
\BOOKMARK [1][-]{section.42}{Module GroundSegment.models.Sitio}{}% 168
\BOOKMARK [2][-]{subsection.42.1}{Class Sitio}{section.42}% 169
\BOOKMARK [3][-]{subsubsection.42.1.1}{Methods}{subsection.42.1}% 170
\BOOKMARK [3][-]{subsubsection.42.1.2}{Class Variables}{subsection.42.1}% 171
\BOOKMARK [1][-]{section.43}{Module GroundSegment.models.SubSystem}{}% 172
\BOOKMARK [2][-]{subsection.43.1}{Class SubSystem}{section.43}% 173
\BOOKMARK [3][-]{subsubsection.43.1.1}{Methods}{subsection.43.1}% 174
\BOOKMARK [3][-]{subsubsection.43.1.2}{Class Variables}{subsection.43.1}% 175
\BOOKMARK [1][-]{section.44}{Module GroundSegment.models.Tle}{}% 176
\BOOKMARK [2][-]{subsection.44.1}{Class Tle}{section.44}% 177
\BOOKMARK [3][-]{subsubsection.44.1.1}{Methods}{subsection.44.1}% 178
\BOOKMARK [3][-]{subsubsection.44.1.2}{Class Variables}{subsection.44.1}% 179
\BOOKMARK [1][-]{section.45}{Module GroundSegment.models.TlmyVarType}{}% 180
\BOOKMARK [2][-]{subsection.45.1}{Class TlmyVarType}{section.45}% 181
\BOOKMARK [3][-]{subsubsection.45.1.1}{Methods}{subsection.45.1}% 182
\BOOKMARK [3][-]{subsubsection.45.1.2}{Class Variables}{subsection.45.1}% 183
\BOOKMARK [1][-]{section.46}{Module GroundSegment.models.TmlyVar}{}% 184
\BOOKMARK [2][-]{subsection.46.1}{Class TmlyVar}{section.46}% 185
\BOOKMARK [3][-]{subsubsection.46.1.1}{Methods}{subsection.46.1}% 186
\BOOKMARK [3][-]{subsubsection.46.1.2}{Class Variables}{subsection.46.1}% 187
\BOOKMARK [3][-]{subsubsection.46.1.3}{Instance Variables}{subsection.46.1}% 188
\BOOKMARK [1][-]{section.47}{Module GroundSegment.models.Transforms}{}% 189
\BOOKMARK [2][-]{subsection.47.1}{Class SqlLiteDatetimeDate}{section.47}% 190
\BOOKMARK [3][-]{subsubsection.47.1.1}{Methods}{subsection.47.1}% 191
\BOOKMARK [3][-]{subsubsection.47.1.2}{Class Variables}{subsection.47.1}% 192
\BOOKMARK [1][-]{section.48}{Module GroundSegment.models.Watchdog}{}% 193
\BOOKMARK [2][-]{subsection.48.1}{Class Watchdog}{section.48}% 194
\BOOKMARK [3][-]{subsubsection.48.1.1}{Methods}{subsection.48.1}% 195
\BOOKMARK [3][-]{subsubsection.48.1.2}{Class Variables}{subsection.48.1}% 196
\BOOKMARK [1][-]{section.49}{Module GroundSegment.settings}{}% 197
\BOOKMARK [2][-]{subsection.49.1}{Variables}{section.49}% 198
\BOOKMARK [1][-]{section.50}{Module GroundSegment.tests}{}% 199
\BOOKMARK [2][-]{subsection.50.1}{Class Test}{section.50}% 200
\BOOKMARK [3][-]{subsubsection.50.1.1}{Methods}{subsection.50.1}% 201
\BOOKMARK [1][-]{section.51}{Module GroundSegment.tests\137settings}{}% 202
\BOOKMARK [2][-]{subsection.51.1}{Variables}{section.51}% 203
\BOOKMARK [1][-]{section.52}{Module GroundSegment.urls}{}% 204
\BOOKMARK [2][-]{subsection.52.1}{Variables}{section.52}% 205
\BOOKMARK [1][-]{section.53}{Module GroundSegment.views}{}% 206
\BOOKMARK [2][-]{subsection.53.1}{Class AboutView}{section.53}% 207
\BOOKMARK [3][-]{subsubsection.53.1.1}{Class Variables}{subsection.53.1}% 208
\BOOKMARK [2][-]{subsection.53.2}{Class SimulatorView}{section.53}% 209
\BOOKMARK [3][-]{subsubsection.53.2.1}{Methods}{subsection.53.2}% 210
\BOOKMARK [3][-]{subsubsection.53.2.2}{Class Variables}{subsection.53.2}% 211
\BOOKMARK [2][-]{subsection.53.3}{Class SatelliteListView}{section.53}% 212
\BOOKMARK [3][-]{subsubsection.53.3.1}{Class Variables}{subsection.53.3}% 213
\BOOKMARK [2][-]{subsection.53.4}{Class PropagationTestView}{section.53}% 214
\BOOKMARK [3][-]{subsubsection.53.4.1}{Methods}{subsection.53.4}% 215
\BOOKMARK [3][-]{subsubsection.53.4.2}{Class Variables}{subsection.53.4}% 216
\BOOKMARK [1][-]{section.54}{Module GroundSegment.wsgi}{}% 217
\BOOKMARK [2][-]{subsection.54.1}{Variables}{section.54}% 218
\BOOKMARK [1][-]{section*.2}{Index}{}% 219
