This is pdfTeX, Version 3.14159265-2.6-1.40.16 (TeX Live 2015/Debian) (preloaded format=latex 2016.6.2)  5 DEC 2016 10:57
entering extended mode
 restricted \write18 enabled.
 %&-line parsing enabled.
**api.tex
(./api.tex
LaTeX2e <2015/01/01>
Babel <3.9l> and hyphenation patterns for 4 languages loaded.
(/usr/share/texlive/texmf-dist/tex/latex/base/article.cls
Document Class: article 2014/09/29 v1.4h Standard LaTeX document class
(/usr/share/texlive/texmf-dist/tex/latex/base/size10.clo
File: size10.clo 2014/09/29 v1.4h Standard LaTeX file (size option)
)
\c@part=\count79
\c@section=\count80
\c@subsection=\count81
\c@subsubsection=\count82
\c@paragraph=\count83
\c@subparagraph=\count84
\c@figure=\count85
\c@table=\count86
\abovecaptionskip=\skip41
\belowcaptionskip=\skip42
\bibindent=\dimen102
)
(/usr/share/texlive/texmf-dist/tex/latex/base/alltt.sty
Package: alltt 1997/06/16 v2.0g defines alltt environment
)
(/usr/share/texlive/texmf-dist/tex/latex/parskip/parskip.sty
Package: parskip 2001/04/09 non-zero parskip adjustments
)
(/usr/share/texlive/texmf-dist/tex/latex/fancyhdr/fancyhdr.sty
\fancy@headwidth=\skip43
\f@ncyO@elh=\skip44
\f@ncyO@erh=\skip45
\f@ncyO@olh=\skip46
\f@ncyO@orh=\skip47
\f@ncyO@elf=\skip48
\f@ncyO@erf=\skip49
\f@ncyO@olf=\skip50
\f@ncyO@orf=\skip51
)
(/usr/share/texlive/texmf-dist/tex/latex/boxedminipage/boxedminipage.sty)
(/usr/share/texlive/texmf-dist/tex/latex/base/makeidx.sty
Package: makeidx 2014/09/29 v1.0m Standard LaTeX package
)
(/usr/share/texlive/texmf-dist/tex/latex/multirow/multirow.sty
\bigstrutjot=\dimen103
)
(/usr/share/texlive/texmf-dist/tex/latex/tools/longtable.sty
Package: longtable 2014/10/28 v4.11 Multi-page Table package (DPC)
\LTleft=\skip52
\LTright=\skip53
\LTpre=\skip54
\LTpost=\skip55
\LTchunksize=\count87
\LTcapwidth=\dimen104
\LT@head=\box26
\LT@firsthead=\box27
\LT@foot=\box28
\LT@lastfoot=\box29
\LT@cols=\count88
\LT@rows=\count89
\c@LT@tables=\count90
\c@LT@chunks=\count91
\LT@p@ftn=\toks14
)
(/usr/share/texlive/texmf-dist/tex/latex/tocbibind/tocbibind.sty
Package: tocbibind 2010/10/13 v1.5k extra ToC listings
Package tocbibind Info: The document has section divisions on input line 50.


Package tocbibind Note: Using section or other style headings.

) (/usr/share/texlive/texmf-dist/tex/latex/amsfonts/amssymb.sty
Package: amssymb 2013/01/14 v3.01 AMS font symbols

(/usr/share/texlive/texmf-dist/tex/latex/amsfonts/amsfonts.sty
Package: amsfonts 2013/01/14 v3.01 Basic AMSFonts support
\@emptytoks=\toks15
\symAMSa=\mathgroup4
\symAMSb=\mathgroup5
LaTeX Font Info:    Overwriting math alphabet `\mathfrak' in version `bold'
(Font)                  U/euf/m/n --> U/euf/b/n on input line 106.
))
(/usr/share/texlive/texmf-dist/tex/latex/base/fontenc.sty
Package: fontenc 2005/09/27 v1.99g Standard LaTeX package

(/usr/share/texlive/texmf-dist/tex/latex/base/t1enc.def
File: t1enc.def 2005/09/27 v1.99g Standard LaTeX file
LaTeX Font Info:    Redeclaring font encoding T1 on input line 48.
))
(/usr/share/texmf/tex/latex/lm/lmodern.sty
Package: lmodern 2009/10/30 v1.6 Latin Modern Fonts
LaTeX Font Info:    Overwriting symbol font `operators' in version `normal'
(Font)                  OT1/cmr/m/n --> OT1/lmr/m/n on input line 22.
LaTeX Font Info:    Overwriting symbol font `letters' in version `normal'
(Font)                  OML/cmm/m/it --> OML/lmm/m/it on input line 23.
LaTeX Font Info:    Overwriting symbol font `symbols' in version `normal'
(Font)                  OMS/cmsy/m/n --> OMS/lmsy/m/n on input line 24.
LaTeX Font Info:    Overwriting symbol font `largesymbols' in version `normal'
(Font)                  OMX/cmex/m/n --> OMX/lmex/m/n on input line 25.
LaTeX Font Info:    Overwriting symbol font `operators' in version `bold'
(Font)                  OT1/cmr/bx/n --> OT1/lmr/bx/n on input line 26.
LaTeX Font Info:    Overwriting symbol font `letters' in version `bold'
(Font)                  OML/cmm/b/it --> OML/lmm/b/it on input line 27.
LaTeX Font Info:    Overwriting symbol font `symbols' in version `bold'
(Font)                  OMS/cmsy/b/n --> OMS/lmsy/b/n on input line 28.
LaTeX Font Info:    Overwriting symbol font `largesymbols' in version `bold'
(Font)                  OMX/cmex/m/n --> OMX/lmex/m/n on input line 29.
LaTeX Font Info:    Overwriting math alphabet `\mathbf' in version `normal'
(Font)                  OT1/cmr/bx/n --> OT1/lmr/bx/n on input line 31.
LaTeX Font Info:    Overwriting math alphabet `\mathsf' in version `normal'
(Font)                  OT1/cmss/m/n --> OT1/lmss/m/n on input line 32.
LaTeX Font Info:    Overwriting math alphabet `\mathit' in version `normal'
(Font)                  OT1/cmr/m/it --> OT1/lmr/m/it on input line 33.
LaTeX Font Info:    Overwriting math alphabet `\mathtt' in version `normal'
(Font)                  OT1/cmtt/m/n --> OT1/lmtt/m/n on input line 34.
LaTeX Font Info:    Overwriting math alphabet `\mathbf' in version `bold'
(Font)                  OT1/cmr/bx/n --> OT1/lmr/bx/n on input line 35.
LaTeX Font Info:    Overwriting math alphabet `\mathsf' in version `bold'
(Font)                  OT1/cmss/bx/n --> OT1/lmss/bx/n on input line 36.
LaTeX Font Info:    Overwriting math alphabet `\mathit' in version `bold'
(Font)                  OT1/cmr/bx/it --> OT1/lmr/bx/it on input line 37.
LaTeX Font Info:    Overwriting math alphabet `\mathtt' in version `bold'
(Font)                  OT1/cmtt/m/n --> OT1/lmtt/m/n on input line 38.
)
(/usr/share/texlive/texmf-dist/tex/latex/preprint/fullpage.sty
Package: fullpage 1999/02/23 1.1 (PWD)
\FP@margin=\skip56
)
(/usr/share/texlive/texmf-dist/tex/latex/graphics/color.sty
Package: color 2014/10/28 v1.1a Standard LaTeX Color (DPC)

(/usr/share/texlive/texmf-dist/tex/latex/latexconfig/color.cfg
File: color.cfg 2007/01/18 v1.5 color configuration of teTeX/TeXLive
)
Package color Info: Driver file: dvips.def on input line 142.

(/usr/share/texlive/texmf-dist/tex/latex/graphics/dvips.def
File: dvips.def 2014/10/14 v3.0j Driver-dependent file (DPC,SPQR)
)
(/usr/share/texlive/texmf-dist/tex/latex/graphics/dvipsnam.def
File: dvipsnam.def 2014/10/14 v3.0j Driver-dependent file (DPC,SPQR)
))
\BCL=\skip57
Package color Info: Redefining color py@inputcolour on input line 37.
\funcindent=\skip58
\funcwidth=\skip59
\varindent=\skip60
\varnamewidth=\skip61
\vardescrwidth=\skip62
\varwidth=\skip63

(/usr/share/texlive/texmf-dist/tex/latex/base/inputenc.sty
Package: inputenc 2015/03/17 v1.2c Input encoding file
\inpenc@prehook=\toks16
\inpenc@posthook=\toks17

(/usr/share/texlive/texmf-dist/tex/latex/base/utf8.def
File: utf8.def 2014/09/29 v1.1m UTF-8 support for inputenc
Now handling font encoding OML ...
... no UTF-8 mapping file for font encoding OML
Now handling font encoding T1 ...
... processing UTF-8 mapping file for font encoding T1

(/usr/share/texlive/texmf-dist/tex/latex/base/t1enc.dfu
File: t1enc.dfu 2014/09/29 v1.1m UTF-8 support for inputenc
   defining Unicode char U+00A1 (decimal 161)
   defining Unicode char U+00A3 (decimal 163)
   defining Unicode char U+00AB (decimal 171)
   defining Unicode char U+00BB (decimal 187)
   defining Unicode char U+00BF (decimal 191)
   defining Unicode char U+00C0 (decimal 192)
   defining Unicode char U+00C1 (decimal 193)
   defining Unicode char U+00C2 (decimal 194)
   defining Unicode char U+00C3 (decimal 195)
   defining Unicode char U+00C4 (decimal 196)
   defining Unicode char U+00C5 (decimal 197)
   defining Unicode char U+00C6 (decimal 198)
   defining Unicode char U+00C7 (decimal 199)
   defining Unicode char U+00C8 (decimal 200)
   defining Unicode char U+00C9 (decimal 201)
   defining Unicode char U+00CA (decimal 202)
   defining Unicode char U+00CB (decimal 203)
   defining Unicode char U+00CC (decimal 204)
   defining Unicode char U+00CD (decimal 205)
   defining Unicode char U+00CE (decimal 206)
   defining Unicode char U+00CF (decimal 207)
   defining Unicode char U+00D0 (decimal 208)
   defining Unicode char U+00D1 (decimal 209)
   defining Unicode char U+00D2 (decimal 210)
   defining Unicode char U+00D3 (decimal 211)
   defining Unicode char U+00D4 (decimal 212)
   defining Unicode char U+00D5 (decimal 213)
   defining Unicode char U+00D6 (decimal 214)
   defining Unicode char U+00D8 (decimal 216)
   defining Unicode char U+00D9 (decimal 217)
   defining Unicode char U+00DA (decimal 218)
   defining Unicode char U+00DB (decimal 219)
   defining Unicode char U+00DC (decimal 220)
   defining Unicode char U+00DD (decimal 221)
   defining Unicode char U+00DE (decimal 222)
   defining Unicode char U+00DF (decimal 223)
   defining Unicode char U+00E0 (decimal 224)
   defining Unicode char U+00E1 (decimal 225)
   defining Unicode char U+00E2 (decimal 226)
   defining Unicode char U+00E3 (decimal 227)
   defining Unicode char U+00E4 (decimal 228)
   defining Unicode char U+00E5 (decimal 229)
   defining Unicode char U+00E6 (decimal 230)
   defining Unicode char U+00E7 (decimal 231)
   defining Unicode char U+00E8 (decimal 232)
   defining Unicode char U+00E9 (decimal 233)
   defining Unicode char U+00EA (decimal 234)
   defining Unicode char U+00EB (decimal 235)
   defining Unicode char U+00EC (decimal 236)
   defining Unicode char U+00ED (decimal 237)
   defining Unicode char U+00EE (decimal 238)
   defining Unicode char U+00EF (decimal 239)
   defining Unicode char U+00F0 (decimal 240)
   defining Unicode char U+00F1 (decimal 241)
   defining Unicode char U+00F2 (decimal 242)
   defining Unicode char U+00F3 (decimal 243)
   defining Unicode char U+00F4 (decimal 244)
   defining Unicode char U+00F5 (decimal 245)
   defining Unicode char U+00F6 (decimal 246)
   defining Unicode char U+00F8 (decimal 248)
   defining Unicode char U+00F9 (decimal 249)
   defining Unicode char U+00FA (decimal 250)
   defining Unicode char U+00FB (decimal 251)
   defining Unicode char U+00FC (decimal 252)
   defining Unicode char U+00FD (decimal 253)
   defining Unicode char U+00FE (decimal 254)
   defining Unicode char U+00FF (decimal 255)
   defining Unicode char U+0102 (decimal 258)
   defining Unicode char U+0103 (decimal 259)
   defining Unicode char U+0104 (decimal 260)
   defining Unicode char U+0105 (decimal 261)
   defining Unicode char U+0106 (decimal 262)
   defining Unicode char U+0107 (decimal 263)
   defining Unicode char U+010C (decimal 268)
   defining Unicode char U+010D (decimal 269)
   defining Unicode char U+010E (decimal 270)
   defining Unicode char U+010F (decimal 271)
   defining Unicode char U+0110 (decimal 272)
   defining Unicode char U+0111 (decimal 273)
   defining Unicode char U+0118 (decimal 280)
   defining Unicode char U+0119 (decimal 281)
   defining Unicode char U+011A (decimal 282)
   defining Unicode char U+011B (decimal 283)
   defining Unicode char U+011E (decimal 286)
   defining Unicode char U+011F (decimal 287)
   defining Unicode char U+0130 (decimal 304)
   defining Unicode char U+0131 (decimal 305)
   defining Unicode char U+0132 (decimal 306)
   defining Unicode char U+0133 (decimal 307)
   defining Unicode char U+0139 (decimal 313)
   defining Unicode char U+013A (decimal 314)
   defining Unicode char U+013D (decimal 317)
   defining Unicode char U+013E (decimal 318)
   defining Unicode char U+0141 (decimal 321)
   defining Unicode char U+0142 (decimal 322)
   defining Unicode char U+0143 (decimal 323)
   defining Unicode char U+0144 (decimal 324)
   defining Unicode char U+0147 (decimal 327)
   defining Unicode char U+0148 (decimal 328)
   defining Unicode char U+014A (decimal 330)
   defining Unicode char U+014B (decimal 331)
   defining Unicode char U+0150 (decimal 336)
   defining Unicode char U+0151 (decimal 337)
   defining Unicode char U+0152 (decimal 338)
   defining Unicode char U+0153 (decimal 339)
   defining Unicode char U+0154 (decimal 340)
   defining Unicode char U+0155 (decimal 341)
   defining Unicode char U+0158 (decimal 344)
   defining Unicode char U+0159 (decimal 345)
   defining Unicode char U+015A (decimal 346)
   defining Unicode char U+015B (decimal 347)
   defining Unicode char U+015E (decimal 350)
   defining Unicode char U+015F (decimal 351)
   defining Unicode char U+0160 (decimal 352)
   defining Unicode char U+0161 (decimal 353)
   defining Unicode char U+0162 (decimal 354)
   defining Unicode char U+0163 (decimal 355)
   defining Unicode char U+0164 (decimal 356)
   defining Unicode char U+0165 (decimal 357)
   defining Unicode char U+016E (decimal 366)
   defining Unicode char U+016F (decimal 367)
   defining Unicode char U+0170 (decimal 368)
   defining Unicode char U+0171 (decimal 369)
   defining Unicode char U+0178 (decimal 376)
   defining Unicode char U+0179 (decimal 377)
   defining Unicode char U+017A (decimal 378)
   defining Unicode char U+017B (decimal 379)
   defining Unicode char U+017C (decimal 380)
   defining Unicode char U+017D (decimal 381)
   defining Unicode char U+017E (decimal 382)
   defining Unicode char U+200C (decimal 8204)
   defining Unicode char U+2013 (decimal 8211)
   defining Unicode char U+2014 (decimal 8212)
   defining Unicode char U+2018 (decimal 8216)
   defining Unicode char U+2019 (decimal 8217)
   defining Unicode char U+201A (decimal 8218)
   defining Unicode char U+201C (decimal 8220)
   defining Unicode char U+201D (decimal 8221)
   defining Unicode char U+201E (decimal 8222)
   defining Unicode char U+2030 (decimal 8240)
   defining Unicode char U+2031 (decimal 8241)
   defining Unicode char U+2039 (decimal 8249)
   defining Unicode char U+203A (decimal 8250)
   defining Unicode char U+2423 (decimal 9251)
)
Now handling font encoding OT1 ...
... processing UTF-8 mapping file for font encoding OT1

(/usr/share/texlive/texmf-dist/tex/latex/base/ot1enc.dfu
File: ot1enc.dfu 2014/09/29 v1.1m UTF-8 support for inputenc
   defining Unicode char U+00A1 (decimal 161)
   defining Unicode char U+00A3 (decimal 163)
   defining Unicode char U+00B8 (decimal 184)
   defining Unicode char U+00BF (decimal 191)
   defining Unicode char U+00C5 (decimal 197)
   defining Unicode char U+00C6 (decimal 198)
   defining Unicode char U+00D8 (decimal 216)
   defining Unicode char U+00DF (decimal 223)
   defining Unicode char U+00E6 (decimal 230)
   defining Unicode char U+00EC (decimal 236)
   defining Unicode char U+00ED (decimal 237)
   defining Unicode char U+00EE (decimal 238)
   defining Unicode char U+00EF (decimal 239)
   defining Unicode char U+00F8 (decimal 248)
   defining Unicode char U+0131 (decimal 305)
   defining Unicode char U+0141 (decimal 321)
   defining Unicode char U+0142 (decimal 322)
   defining Unicode char U+0152 (decimal 338)
   defining Unicode char U+0153 (decimal 339)
   defining Unicode char U+2013 (decimal 8211)
   defining Unicode char U+2014 (decimal 8212)
   defining Unicode char U+2018 (decimal 8216)
   defining Unicode char U+2019 (decimal 8217)
   defining Unicode char U+201C (decimal 8220)
   defining Unicode char U+201D (decimal 8221)
)
Now handling font encoding OMS ...
... processing UTF-8 mapping file for font encoding OMS

(/usr/share/texlive/texmf-dist/tex/latex/base/omsenc.dfu
File: omsenc.dfu 2014/09/29 v1.1m UTF-8 support for inputenc
   defining Unicode char U+00A7 (decimal 167)
   defining Unicode char U+00B6 (decimal 182)
   defining Unicode char U+00B7 (decimal 183)
   defining Unicode char U+2020 (decimal 8224)
   defining Unicode char U+2021 (decimal 8225)
   defining Unicode char U+2022 (decimal 8226)
)
Now handling font encoding OMX ...
... no UTF-8 mapping file for font encoding OMX
Now handling font encoding U ...
... no UTF-8 mapping file for font encoding U
   defining Unicode char U+00A9 (decimal 169)
   defining Unicode char U+00AA (decimal 170)
   defining Unicode char U+00AE (decimal 174)
   defining Unicode char U+00BA (decimal 186)
   defining Unicode char U+02C6 (decimal 710)
   defining Unicode char U+02DC (decimal 732)
   defining Unicode char U+200C (decimal 8204)
   defining Unicode char U+2026 (decimal 8230)
   defining Unicode char U+2122 (decimal 8482)
   defining Unicode char U+2423 (decimal 9251)
))
(/usr/share/texlive/texmf-dist/tex/latex/hyperref/hyperref.sty
Package: hyperref 2012/11/06 v6.83m Hypertext links for LaTeX

(/usr/share/texlive/texmf-dist/tex/generic/oberdiek/hobsub-hyperref.sty
Package: hobsub-hyperref 2012/05/28 v1.13 Bundle oberdiek, subset hyperref (HO)


(/usr/share/texlive/texmf-dist/tex/generic/oberdiek/hobsub-generic.sty
Package: hobsub-generic 2012/05/28 v1.13 Bundle oberdiek, subset generic (HO)
Package: hobsub 2012/05/28 v1.13 Construct package bundles (HO)
Package: infwarerr 2010/04/08 v1.3 Providing info/warning/error messages (HO)
Package: ltxcmds 2011/11/09 v1.22 LaTeX kernel commands for general use (HO)
Package: ifluatex 2010/03/01 v1.3 Provides the ifluatex switch (HO)
Package ifluatex Info: LuaTeX not detected.
Package: ifvtex 2010/03/01 v1.5 Detect VTeX and its facilities (HO)
Package ifvtex Info: VTeX not detected.
Package: intcalc 2007/09/27 v1.1 Expandable calculations with integers (HO)
Package: ifpdf 2011/01/30 v2.3 Provides the ifpdf switch (HO)
Package ifpdf Info: pdfTeX in PDF mode is not detected.
Package: etexcmds 2011/02/16 v1.5 Avoid name clashes with e-TeX commands (HO)
Package etexcmds Info: Could not find \expanded.
(etexcmds)             That can mean that you are not using pdfTeX 1.50 or
(etexcmds)             that some package has redefined \expanded.
(etexcmds)             In the latter case, load this package earlier.
Package: kvsetkeys 2012/04/25 v1.16 Key value parser (HO)
Package: kvdefinekeys 2011/04/07 v1.3 Define keys (HO)
Package: pdftexcmds 2011/11/29 v0.20 Utility functions of pdfTeX for LuaTeX (HO
)
Package pdftexcmds Info: LuaTeX not detected.
Package pdftexcmds Info: \pdf@primitive is available.
Package pdftexcmds Info: \pdf@ifprimitive is available.
Package pdftexcmds Info: \pdfdraftmode is ignored in DVI mode.
Package: pdfescape 2011/11/25 v1.13 Implements pdfTeX's escape features (HO)
Package: bigintcalc 2012/04/08 v1.3 Expandable calculations on big integers (HO
)
Package: bitset 2011/01/30 v1.1 Handle bit-vector datatype (HO)
Package: uniquecounter 2011/01/30 v1.2 Provide unlimited unique counter (HO)
)
Package hobsub Info: Skipping package `hobsub' (already loaded).
Package: letltxmacro 2010/09/02 v1.4 Let assignment for LaTeX macros (HO)
Package: hopatch 2012/05/28 v1.2 Wrapper for package hooks (HO)
Package: xcolor-patch 2011/01/30 xcolor patch
Package: atveryend 2011/06/30 v1.8 Hooks at the very end of document (HO)
Package atveryend Info: \enddocument detected (standard20110627).
Package: atbegshi 2011/10/05 v1.16 At begin shipout hook (HO)
Package: refcount 2011/10/16 v3.4 Data extraction from label references (HO)
Package: hycolor 2011/01/30 v1.7 Color options for hyperref/bookmark (HO)
)
(/usr/share/texlive/texmf-dist/tex/latex/graphics/keyval.sty
Package: keyval 2014/10/28 v1.15 key=value parser (DPC)
\KV@toks@=\toks18
)
(/usr/share/texlive/texmf-dist/tex/generic/ifxetex/ifxetex.sty
Package: ifxetex 2010/09/12 v0.6 Provides ifxetex conditional
)
(/usr/share/texlive/texmf-dist/tex/latex/oberdiek/auxhook.sty
Package: auxhook 2011/03/04 v1.3 Hooks for auxiliary files (HO)
)
(/usr/share/texlive/texmf-dist/tex/latex/oberdiek/kvoptions.sty
Package: kvoptions 2011/06/30 v3.11 Key value format for package options (HO)
)
\@linkdim=\dimen105
\Hy@linkcounter=\count92
\Hy@pagecounter=\count93

(/usr/share/texlive/texmf-dist/tex/latex/hyperref/pd1enc.def
File: pd1enc.def 2012/11/06 v6.83m Hyperref: PDFDocEncoding definition (HO)
Now handling font encoding PD1 ...
... no UTF-8 mapping file for font encoding PD1
)
\Hy@SavedSpaceFactor=\count94

(/usr/share/texlive/texmf-dist/tex/latex/latexconfig/hyperref.cfg
File: hyperref.cfg 2002/06/06 v1.2 hyperref configuration of TeXLive
)
Package hyperref Info: Option `bookmarks' set `true' on input line 4319.
Package hyperref Info: Option `bookmarksopen' set `false' on input line 4319.
Package hyperref Info: Option `colorlinks' set `true' on input line 4319.


Package hyperref Warning: Option `pagecolor' is not available anymore.

Package hyperref Info: Hyper figures OFF on input line 4443.
Package hyperref Info: Link nesting OFF on input line 4448.
Package hyperref Info: Hyper index ON on input line 4451.
Package hyperref Info: Plain pages OFF on input line 4458.
Package hyperref Info: Backreferencing ON on input line 4461.
Package hyperref Info: Implicit mode ON; LaTeX internals redefined.
Package hyperref Info: Bookmarks ON on input line 4688.
(/usr/share/texlive/texmf-dist/tex/latex/hyperref/backref.sty
Package: backref 2012/07/25 v1.38 Bibliographical back referencing

(/usr/share/texlive/texmf-dist/tex/latex/oberdiek/rerunfilecheck.sty
Package: rerunfilecheck 2011/04/15 v1.7 Rerun checks for auxiliary files (HO)
Package uniquecounter Info: New unique counter `rerunfilecheck' on input line 2
82.
))
\c@Hy@tempcnt=\count95

(/usr/share/texlive/texmf-dist/tex/latex/url/url.sty
\Urlmuskip=\muskip10
Package: url 2013/09/16  ver 3.4  Verb mode for urls, etc.
)
LaTeX Info: Redefining \url on input line 5041.
\XeTeXLinkMargin=\dimen106
\Fld@menulength=\count96
\Field@Width=\dimen107
\Fld@charsize=\dimen108
Package hyperref Info: Hyper figures OFF on input line 6295.
Package hyperref Info: Link nesting OFF on input line 6300.
Package hyperref Info: Hyper index ON on input line 6303.
Package hyperref Info: backreferencing ON on input line 6308.
Package hyperref Info: Link coloring ON on input line 6313.
Package hyperref Info: Link coloring with OCG OFF on input line 6320.
Package hyperref Info: PDF/A mode OFF on input line 6325.
LaTeX Info: Redefining \ref on input line 6365.
LaTeX Info: Redefining \pageref on input line 6369.
\Hy@abspage=\count97
\c@Item=\count98
\c@Hfootnote=\count99
)

Package hyperref Message: Driver: hdvips.

(/usr/share/texlive/texmf-dist/tex/latex/hyperref/hdvips.def
File: hdvips.def 2012/11/06 v6.83m Hyperref driver for dvips

(/usr/share/texlive/texmf-dist/tex/latex/hyperref/pdfmark.def
File: pdfmark.def 2012/11/06 v6.83m Hyperref definitions for pdfmark specials
\pdf@docset=\toks19
\pdf@box=\box30
\pdf@toks=\toks20
\pdf@defaulttoks=\toks21
\HyField@AnnotCount=\count100
\Fld@listcount=\count101
\c@bookmark@seq@number=\count102
\Hy@SectionHShift=\skip64
))
\@indexfile=\write3
\openout3 = `api.idx'.


Writing index file api.idx
(./api.aux (./GroundSegment.models-module.aux)
(./GroundSegment.models.Alarm-module.aux)
(./GroundSegment.models.Alarm.Action-module.aux)
(./GroundSegment.models.Alarm.Alarm-module.aux)
(./GroundSegment.models.Alarm.AlarmState-module.aux)
(./GroundSegment.models.Alarm.AlarmType-module.aux)
(./GroundSegment.models.Alarm.Criticity-module.aux)
(./GroundSegment.models.Calibration-module.aux)
(./GroundSegment.models.CommandType-module.aux)
(./GroundSegment.models.CommandTypeParameter-module.aux)
(./GroundSegment.models.Consts-module.aux)
(./GroundSegment.models.Notification-module.aux)
(./GroundSegment.models.Notification.AlarmTypeNotificationType-module.aux)
(./GroundSegment.models.Notification.Contact-module.aux)
(./GroundSegment.models.Notification.MessageTemplate-module.aux)
(./GroundSegment.models.Notification.Notification-module.aux)
(./GroundSegment.models.Notification.NotificationType-module.aux)
(./GroundSegment.models.Parameter-module.aux)
(./GroundSegment.models.Pasada-module.aux)
(./GroundSegment.models.Propagation-module.aux)
(./GroundSegment.models.PropagationDetail-module.aux)
(./GroundSegment.models.Satellite-module.aux)
(./GroundSegment.models.SatelliteState-module.aux)
(./GroundSegment.models.Site-module.aux)
(./GroundSegment.models.Sitio-module.aux)
(./GroundSegment.models.SubSystem-module.aux)
(./GroundSegment.models.Tle-module.aux)
(./GroundSegment.models.TlmyVarType-module.aux)
(./GroundSegment.models.TmlyVar-module.aux)
(./GroundSegment.models.Transforms-module.aux))
\openout1 = `api.aux'.

LaTeX Font Info:    Checking defaults for OML/cmm/m/it on input line 82.
LaTeX Font Info:    ... okay on input line 82.
LaTeX Font Info:    Checking defaults for T1/cmr/m/n on input line 82.
LaTeX Font Info:    ... okay on input line 82.
LaTeX Font Info:    Checking defaults for OT1/cmr/m/n on input line 82.
LaTeX Font Info:    ... okay on input line 82.
LaTeX Font Info:    Checking defaults for OMS/cmsy/m/n on input line 82.
LaTeX Font Info:    ... okay on input line 82.
LaTeX Font Info:    Checking defaults for OMX/cmex/m/n on input line 82.
LaTeX Font Info:    ... okay on input line 82.
LaTeX Font Info:    Checking defaults for U/cmr/m/n on input line 82.
LaTeX Font Info:    ... okay on input line 82.
LaTeX Font Info:    Checking defaults for PD1/pdf/m/n on input line 82.
LaTeX Font Info:    ... okay on input line 82.
LaTeX Font Info:    Try loading font information for T1+lmr on input line 82.

(/usr/share/texmf/tex/latex/lm/t1lmr.fd
File: t1lmr.fd 2009/10/30 v1.6 Font defs for Latin Modern
)
\AtBeginShipoutBox=\box31
Package hyperref Info: Link coloring ON on input line 82.

(/usr/share/texlive/texmf-dist/tex/latex/hyperref/nameref.sty
Package: nameref 2012/10/27 v2.43 Cross-referencing by name of section

(/usr/share/texlive/texmf-dist/tex/generic/oberdiek/gettitlestring.sty
Package: gettitlestring 2010/12/03 v1.4 Cleanup title references (HO)
)
\c@section@level=\count103
)
LaTeX Info: Redefining \ref on input line 82.
LaTeX Info: Redefining \pageref on input line 82.
LaTeX Info: Redefining \nameref on input line 82.

(./api.out) (./api.out)
\@outlinefile=\write4
\openout4 = `api.out'.

LaTeX Font Info:    Try loading font information for OT1+lmr on input line 97.
 (/usr/share/texmf/tex/latex/lm/ot1lmr.fd
File: ot1lmr.fd 2009/10/30 v1.6 Font defs for Latin Modern
)
LaTeX Font Info:    Try loading font information for OML+lmm on input line 97.

(/usr/share/texmf/tex/latex/lm/omllmm.fd
File: omllmm.fd 2009/10/30 v1.6 Font defs for Latin Modern
)
LaTeX Font Info:    Try loading font information for OMS+lmsy on input line 97.


(/usr/share/texmf/tex/latex/lm/omslmsy.fd
File: omslmsy.fd 2009/10/30 v1.6 Font defs for Latin Modern
)
LaTeX Font Info:    Try loading font information for OMX+lmex on input line 97.


(/usr/share/texmf/tex/latex/lm/omxlmex.fd
File: omxlmex.fd 2009/10/30 v1.6 Font defs for Latin Modern
)
LaTeX Font Info:    External font `lmex10' loaded for size
(Font)              <12> on input line 97.
LaTeX Font Info:    External font `lmex10' loaded for size
(Font)              <8> on input line 97.
LaTeX Font Info:    External font `lmex10' loaded for size
(Font)              <6> on input line 97.
LaTeX Font Info:    Try loading font information for U+msa on input line 97.

(/usr/share/texlive/texmf-dist/tex/latex/amsfonts/umsa.fd
File: umsa.fd 2013/01/14 v3.01 AMS symbols A
)
LaTeX Font Info:    Try loading font information for U+msb on input line 97.

(/usr/share/texlive/texmf-dist/tex/latex/amsfonts/umsb.fd
File: umsb.fd 2013/01/14 v3.01 AMS symbols B
) (./api.toc
LaTeX Font Info:    External font `lmex10' loaded for size
(Font)              <10> on input line 3.
LaTeX Font Info:    External font `lmex10' loaded for size
(Font)              <7> on input line 3.
LaTeX Font Info:    External font `lmex10' loaded for size
(Font)              <5> on input line 3.
 [1

]
[2])
\tf@toc=\write5
\openout5 = `api.toc'.

 [3] [4]
\openout2 = `GroundSegment.models-module.aux'.

 (./GroundSegment.models-module.tex
LaTeX Font Info:    Try loading font information for OMS+lmr on input line 26.

(/usr/share/texmf/tex/latex/lm/omslmr.fd
File: omslmr.fd 2009/10/30 v1.6 Font defs for Latin Modern
)
LaTeX Font Info:    Font shape `OMS/lmr/m/n' in size <10> not available
(Font)              Font shape `OMS/lmsy/m/n' tried instead on input line 26.
 [5

]

LaTeX Warning: Reference `GroundSegment:models:UHFRawData' on page 6 undefined 
on input line 198.


LaTeX Warning: Reference `GroundSegment:models:UHFRawData' on page 6 undefined 
on input line 198.

) [6]
\openout2 = `GroundSegment.models.Alarm-module.aux'.

 (./GroundSegment.models.Alarm-module.tex) [7


]
\openout2 = `GroundSegment.models.Alarm.Action-module.aux'.


(./GroundSegment.models.Alarm.Action-module.tex) [8


]
\openout2 = `GroundSegment.models.Alarm.Alarm-module.aux'.


(./GroundSegment.models.Alarm.Alarm-module.tex
LaTeX Font Info:    Try loading font information for T1+lmtt on input line 37.

(/usr/share/texmf/tex/latex/lm/t1lmtt.fd
File: t1lmtt.fd 2009/10/30 v1.6 Font defs for Latin Modern
) [9


]) [10]
\openout2 = `GroundSegment.models.Alarm.AlarmState-module.aux'.


(./GroundSegment.models.Alarm.AlarmState-module.tex) [11


]
\openout2 = `GroundSegment.models.Alarm.AlarmType-module.aux'.


(./GroundSegment.models.Alarm.AlarmType-module.tex) [12


]
\openout2 = `GroundSegment.models.Alarm.Criticity-module.aux'.


(./GroundSegment.models.Alarm.Criticity-module.tex
Overfull \hbox (39.4935pt too wide) in paragraph at lines 45--45
[]\T1/lmtt/m/n/10 Criticidad del evento o la alarma. Define el nivel de graveda
d y atributos asociados, tipicamente[] 
 []

) [13


]
\openout2 = `GroundSegment.models.Calibration-module.aux'.

 (./GroundSegment.models.Calibration-module.tex) [14


]
\openout2 = `GroundSegment.models.CommandType-module.aux'.


(./GroundSegment.models.CommandType-module.tex) [15


]
\openout2 = `GroundSegment.models.CommandTypeParameter-module.aux'.


(./GroundSegment.models.CommandTypeParameter-module.tex
Overfull \hbox (58.75821pt too wide) in paragraph at lines 32--42
[] 
 []

) [16


]
\openout2 = `GroundSegment.models.Consts-module.aux'.

 (./GroundSegment.models.Consts-module.tex
Overfull \hbox (3.93704pt too wide) in paragraph at lines 73--74
[]\T1/lmr/m/n/12 __delattr__(), __for-mat__(), __getat-tribute__(), __hash__(),
 __new__(),
 []

) [17


]
\openout2 = `GroundSegment.models.Notification-module.aux'.

 (./GroundSegment.models.Notification-module.tex
LaTeX Font Info:    Font shape `OMS/lmr/m/n' in size <12> not available
(Font)              Font shape `OMS/lmsy/m/n' tried instead on input line 26.
) [18


]
\openout2 = `GroundSegment.models.Notification.AlarmTypeNotificationType-module
.aux'.


(./GroundSegment.models.Notification.AlarmTypeNotificationType-module.tex
Overfull \hbox (81.79344pt too wide) in paragraph at lines 14--14
[]\T1/lmr/bx/n/14.4 Module Ground-Seg-ment.models.Notification.AlarmTypeNotific
ationType 
 []


Overfull \hbox (246.75777pt too wide) in paragraph at lines 32--42
[] 
 []

) [19


]
\openout2 = `GroundSegment.models.Notification.Contact-module.aux'.

 (./GroundSegment.models.Notification.Contact-module.tex
Overfull \hbox (5.66087pt too wide) in paragraph at lines 32--42
[] 
 []

) [20


]
\openout2 = `GroundSegment.models.Notification.MessageTemplate-module.aux'.

 (./GroundSegment.models.Notification.MessageTemplate-module.tex
Overfull \hbox (5.89236pt too wide) in paragraph at lines 14--14
[]\T1/lmr/bx/n/14.4 Module Ground-Seg-ment.models.Notification.MessageTemplate 

 []


Overfull \hbox (120.25569pt too wide) in paragraph at lines 32--42
[] 
 []


Overfull \hbox (147.74529pt too wide) in paragraph at lines 45--45
[]\T1/lmtt/m/n/12 Plantilla para la notificacion, al momento de enviar una el m
ensaje se toma el texto de la plantilla[] 
 []


Overfull \hbox (172.4453pt too wide) in paragraph at lines 46--46
[]\T1/lmtt/m/n/12 se realizan los remplazos por la information asociada (delimi
tada entre [])  y se genera el texto final.[] 
 []


Overfull \hbox (172.4453pt too wide) in paragraph at lines 50--50
[]    \T1/lmtt/m/n/12 Se ha generado la alarma numero [pk] a hora abordo [dtOnB
oard] y es del tipo [alarmaType.code]...etc[] 
 []

) [21


]
\openout2 = `GroundSegment.models.Notification.Notification-module.aux'.

 (./GroundSegment.models.Notification.Notification-module.tex
Overfull \hbox (51.55415pt too wide) in paragraph at lines 32--42
[] 
 []


Overfull \hbox (92.17026pt too wide) in paragraph at lines 45--45
[]\T1/lmtt/m/n/12 Notifacion efectiva enviada o por enviar. Generada a partir d
e la configuracion del sistema[] 
 []


Overfull \hbox (209.49532pt too wide) in paragraph at lines 54--54
[]    \T1/lmtt/m/n/12 Se utiliza una unica entidad, las notificaciones se marca
n como envidas cuando pueden ser despachadas o se[] 
 []


Overfull \hbox (24.97852pt too wide) in paragraph at lines 115--116
\T1/lmtt/m/n/12 models.ForeignKey(AlarmTypeNotificationType, 
 []

[22


]) [23]
\openout2 = `GroundSegment.models.Notification.NotificationType-module.aux'.

 (./GroundSegment.models.Notification.NotificationType-module.tex
Overfull \hbox (0.86017pt too wide) in paragraph at lines 14--14
[]\T1/lmr/bx/n/14.4 Module Ground-Seg-ment.models.Notification.NotificationType
 
 []


Overfull \hbox (111.86882pt too wide) in paragraph at lines 32--42
[] 
 []

) [24


]
\openout2 = `GroundSegment.models.Parameter-module.aux'.

 (./GroundSegment.models.Parameter-module.tex) [25


]
\openout2 = `GroundSegment.models.Pasada-module.aux'.


(./GroundSegment.models.Pasada-module.tex) [26


]
\openout2 = `GroundSegment.models.Propagation-module.aux'.


(./GroundSegment.models.Propagation-module.tex) [27


]
\openout2 = `GroundSegment.models.PropagationDetail-module.aux'.


(./GroundSegment.models.PropagationDetail-module.tex
Overfull \hbox (54.7947pt too wide) in paragraph at lines 32--42
[] 
 []

) [28


]
\openout2 = `GroundSegment.models.Satellite-module.aux'.

 (./GroundSegment.models.Satellite-module.tex
Overfull \hbox (31.15352pt too wide) in paragraph at lines 173--174
\T1/lmtt/m/n/12 models.BooleanField('Activacion/desactivacion 
 []

[29


]) [30]
\openout2 = `GroundSegment.models.SatelliteState-module.aux'.

 (./GroundSegment.models.SatelliteState-module.tex) [31


]
\openout2 = `GroundSegment.models.Site-module.aux'.


(./GroundSegment.models.Site-module.tex) [32


]
\openout2 = `GroundSegment.models.Sitio-module.aux'.


(./GroundSegment.models.Sitio-module.tex) [33


]
\openout2 = `GroundSegment.models.SubSystem-module.aux'.


(./GroundSegment.models.SubSystem-module.tex) [34


]
\openout2 = `GroundSegment.models.Tle-module.aux'.


(./GroundSegment.models.Tle-module.tex [35


]) [36]
\openout2 = `GroundSegment.models.TlmyVarType-module.aux'.


(./GroundSegment.models.TlmyVarType-module.tex
Overfull \hbox (3.83536pt too wide) in paragraph at lines 32--42
[] 
 []

[37


]) [38]
\openout2 = `GroundSegment.models.TmlyVar-module.aux'.

 (./GroundSegment.models.TmlyVar-module.tex
Overfull \hbox (197.8786pt too wide) in paragraph at lines 124--124
[]\T1/lmtt/m/n/12 if (value>self.tmlyVarType.maxValue or value<self.tmlyVarType
.minValue):[] 
 []


Overfull \hbox (18.80351pt too wide) in paragraph at lines 125--125
[]    \T1/lmtt/m/n/12 #Verificar si requiere alarma y crearla[] 
 []


Overfull \hbox (12.62851pt too wide) in paragraph at lines 126--126
[]    \T1/lmtt/m/n/12 if self.tmlyVarType.alarmType != None:[] 
 []


Overfull \hbox (315.20366pt too wide) in paragraph at lines 128--128
[]        \T1/lmtt/m/n/12 alarm = Alarm.new(sat, self.tmlyVarType, datetime.utc
now() + timedelta(seconds=-1))[] 
 []

[39


]) [40]
\openout2 = `GroundSegment.models.Transforms-module.aux'.

 (./GroundSegment.models.Transforms-module.tex
Overfull \hbox (50.70082pt too wide) in paragraph at lines 32--42
[] 
 []

) [41


] (./api.ind
Overfull \hbox (11.73299pt too wide) in paragraph at lines 5--7
[]| \T1/lmr/m/n/12 Ground-Seg-ment.models.Alarm \T1/lmr/m/it/12 (pack-age)\T1/l
mr/m/n/12 ,
 []


Overfull \hbox (15.65822pt too wide) in paragraph at lines 7--9
[]| \T1/lmr/m/n/12 Ground-Seg-ment.models.Calibration \T1/lmr/m/it/12 (mod-
 []


Overfull \hbox (4.263pt too wide) in paragraph at lines 9--11
[]| \T1/lmr/m/n/12 Ground-Seg-ment.models.CommandType
 []


Overfull \hbox (57.62506pt too wide) in paragraph at lines 11--13
[]| \T1/lmr/m/n/12 Ground-Seg-ment.models.CommandTypeParameter
 []


Overfull \hbox (10.85231pt too wide) in paragraph at lines 13--15
[]| \T1/lmr/m/n/12 Ground-Seg-ment.models.Consts \T1/lmr/m/it/12 (mod-ule)\T1/l
mr/m/n/12 ,
 []


Overfull \hbox (19.13823pt too wide) in paragraph at lines 15--17
[]| \T1/lmr/m/n/12 Ground-Seg-ment.models.Notification \T1/lmr/m/it/12 (pack-
 []


Overfull \hbox (10.92273pt too wide) in paragraph at lines 17--19
[]| \T1/lmr/m/n/12 Ground-Seg-ment.models.Parameter \T1/lmr/m/it/12 (mod-
 []


Overfull \hbox (12.5804pt too wide) in paragraph at lines 19--21
[]| \T1/lmr/m/n/12 Ground-Seg-ment.models.Pasada \T1/lmr/m/it/12 (mod-ule)\T1/l
mr/m/n/12 ,
 []


Overfull \hbox (20.38873pt too wide) in paragraph at lines 21--23
[]| \T1/lmr/m/n/12 Ground-Seg-ment.models.Propagation \T1/lmr/m/it/12 (mod-
 []


Overfull \hbox (18.94598pt too wide) in paragraph at lines 23--25
[]| \T1/lmr/m/n/12 Ground-Seg-ment.models.PropagationDetail
 []


Overfull \hbox (26.10188pt too wide) in paragraph at lines 27--29
[]| \T1/lmr/m/n/12 Ground-Seg-ment.models.SatelliteState \T1/lmr/m/it/12 (mod-
 []


Overfull \hbox (10.33012pt too wide) in paragraph at lines 29--31
[]| \T1/lmr/m/n/12 Ground-Seg-ment.models.Site \T1/lmr/m/it/12 (mod-ule)\T1/lmr
/m/n/12 , [][][][][][] 
 []


Overfull \hbox (14.09212pt too wide) in paragraph at lines 33--35
[]| \T1/lmr/m/n/12 Ground-Seg-ment.models.SubSystem \T1/lmr/m/it/12 (mod-
 []


Overfull \hbox (13.59377pt too wide) in paragraph at lines 35--37
[]| \T1/lmr/m/n/12 Ground-Seg-ment.models.Tle \T1/lmr/m/it/12 (mod-ule)\T1/lmr/
m/n/12 , [][][][][][]--
 []


Overfull \hbox (29.68835pt too wide) in paragraph at lines 37--39
[]| \T1/lmr/m/n/12 Ground-Seg-ment.models.TlmyVarType \T1/lmr/m/it/12 (mod-
 []


Overfull \hbox (3.57732pt too wide) in paragraph at lines 39--41
[]| \T1/lmr/m/n/12 Ground-Seg-ment.models.TmlyVar \T1/lmr/m/it/12 (mod-
 []


Overfull \hbox (15.13571pt too wide) in paragraph at lines 41--43
[]| \T1/lmr/m/n/12 Ground-Seg-ment.models.Transforms \T1/lmr/m/it/12 (mod-
 []


Overfull \hbox (1.6657pt too wide) in paragraph at lines 43--45
[]\T1/lmr/m/n/12 GroundSegment.models.Alarm.Action.Action
 []


Overfull \hbox (37.87764pt too wide) in paragraph at lines 45--47
[]\T1/lmr/m/n/12 GroundSegment.models.Alarm.Alarm.Alarm \T1/lmr/m/it/12 (class)
\T1/lmr/m/n/12 ,
 []


Overfull \hbox (74.52386pt too wide) in paragraph at lines 47--49
[]| \T1/lmr/m/n/12 Ground-Seg-ment.models.Alarm.Alarm.Alarm.__init__
 []


Overfull \hbox (80.48163pt too wide) in paragraph at lines 49--51
[]| \T1/lmr/m/n/12 Ground-Seg-ment.models.Alarm.Alarm.Alarm.isOvercome
 []


Overfull \hbox (41.90251pt too wide) in paragraph at lines 51--53
[]| \T1/lmr/m/n/12 Ground-Seg-ment.models.Alarm.Alarm.Alarm.new
 []


Overfull \hbox (63.57417pt too wide) in paragraph at lines 53--55
[]| \T1/lmr/m/n/12 Ground-Seg-ment.models.Alarm.Alarm.Alarm.setClose
 []


Overfull \hbox (63.8359pt too wide) in paragraph at lines 55--57
[]| \T1/lmr/m/n/12 Ground-Seg-ment.models.Alarm.Alarm.Alarm.setOpen
 []


Overfull \hbox (51.92982pt too wide) in paragraph at lines 57--59
[]\T1/lmr/m/n/12 GroundSegment.models.Alarm.AlarmState.AlarmState
 []


Overfull \hbox (124.19916pt too wide) in paragraph at lines 59--61
[]| \T1/lmr/m/n/12 Ground-Seg-ment.models.Alarm.AlarmState.AlarmState.__str__
 []


Overfull \hbox (51.27745pt too wide) in paragraph at lines 61--63
[]\T1/lmr/m/n/12 GroundSegment.models.Alarm.AlarmType.AlarmType
 []


Overfull \hbox (123.54678pt too wide) in paragraph at lines 63--65
[]| \T1/lmr/m/n/12 Ground-Seg-ment.models.Alarm.AlarmType.AlarmType.__str__
 []


Overfull \hbox (127.15074pt too wide) in paragraph at lines 65--67
[]| \T1/lmr/m/n/12 Ground-Seg-ment.models.Alarm.AlarmType.AlarmType.getAlarms
 []


Overfull \hbox (18.97289pt too wide) in paragraph at lines 67--69
[]\T1/lmr/m/n/12 GroundSegment.models.Alarm.Criticity.Criticity
 []


Overfull \hbox (90.26306pt too wide) in paragraph at lines 69--71
[]| \T1/lmr/m/n/12 Ground-Seg-ment.models.Alarm.Criticity.Criticity.__str__
 []


Overfull \hbox (14.40872pt too wide) in paragraph at lines 71--73
[]\T1/lmr/m/n/12 GroundSegment.models.Calibration.Calibration
 []


Overfull \hbox (86.67805pt too wide) in paragraph at lines 73--75
[]| \T1/lmr/m/n/12 Ground-Seg-ment.models.Calibration.Calibration.__str__
 []


Overfull \hbox (56.84036pt too wide) in paragraph at lines 75--77
[]\T1/lmr/m/n/12 GroundSegment.models.CommandType.CommandType
 []


Overfull \hbox (129.1097pt too wide) in paragraph at lines 77--79
[]| \T1/lmr/m/n/12 Ground-Seg-ment.models.CommandType.CommandType.__str__
 []


Overfull \hbox (163.56448pt too wide) in paragraph at lines 79--81
[]\T1/lmr/m/n/12 GroundSegment.models.CommandTypeParameter.CommandTypeParameter

 []


Overfull \hbox (252.9767pt too wide) in paragraph at lines 81--83
[]\T1/lmr/m/n/12 GroundSegment.models.Notification.AlarmTypeNotificationType.Al
armTypeNotificationType
 []


Overfull \hbox (325.24603pt too wide) in paragraph at lines 83--85
[]| \T1/lmr/m/n/12 Ground-Seg-ment.models.Notification.AlarmTypeNotificationTyp
e.AlarmTypeNotificationType.__str__
 []


Overfull \hbox (43.45155pt too wide) in paragraph at lines 85--87
[]\T1/lmr/m/n/12 GroundSegment.models.Notification.Contact.Contact
 []


Overfull \hbox (115.72089pt too wide) in paragraph at lines 87--89
[]| \T1/lmr/m/n/12 Ground-Seg-ment.models.Notification.Contact.Contact.__str__
 []

[42


]
Overfull \hbox (82.6103pt too wide) in paragraph at lines 89--91
[]\T1/lmr/m/n/12 GroundSegment.models.Notification.Notification.Notification
 []


Overfull \hbox (154.87964pt too wide) in paragraph at lines 91--93
[]| \T1/lmr/m/n/12 Ground-Seg-ment.models.Notification.Notification.Notificatio
n.__str__
 []


Overfull \hbox (126.11024pt too wide) in paragraph at lines 93--95
[]| \T1/lmr/m/n/12 Ground-Seg-ment.models.Notification.Notification.Notificatio
n.new
 []


Overfull \hbox (135.48518pt too wide) in paragraph at lines 95--97
[]\T1/lmr/m/n/12 GroundSegment.models.Notification.NotificationType.Notificatio
nType
 []


Overfull \hbox (207.75452pt too wide) in paragraph at lines 97--99
[]| \T1/lmr/m/n/12 Ground-Seg-ment.models.Notification.NotificationType.Notific
ationType.__str__
 []


Overfull \hbox (4.93774pt too wide) in paragraph at lines 99--101
[]\T1/lmr/m/n/12 GroundSegment.models.Parameter.Parameter
 []


Overfull \hbox (77.20708pt too wide) in paragraph at lines 101--103
[]| \T1/lmr/m/n/12 Ground-Seg-ment.models.Parameter.Parameter.__str__
 []


Overfull \hbox (58.88135pt too wide) in paragraph at lines 103--105
[]| \T1/lmr/m/n/12 Ground-Seg-ment.models.Parameter.Parameter.create
 []


Overfull \hbox (64.42653pt too wide) in paragraph at lines 105--107
[]| \T1/lmr/m/n/12 Ground-Seg-ment.models.Parameter.Parameter.getKey
 []


Overfull \hbox (72.58583pt too wide) in paragraph at lines 107--109
[]| \T1/lmr/m/n/12 Ground-Seg-ment.models.Parameter.Parameter.getValue
 []


Overfull \hbox (10.60013pt too wide) in paragraph at lines 109--111
[]\T1/lmr/m/n/12 GroundSegment.models.Pasada.Pasada \T1/lmr/m/it/12 (class)\T1/
lmr/m/n/12 ,
 []


Overfull \hbox (43.3944pt too wide) in paragraph at lines 111--113
[]| \T1/lmr/m/n/12 Ground-Seg-ment.models.Pasada.Pasada.__str__
 []


Overfull \hbox (23.86975pt too wide) in paragraph at lines 113--115
[]\T1/lmr/m/n/12 GroundSegment.models.Propagation.Propagation
 []


Overfull \hbox (86.20633pt too wide) in paragraph at lines 115--117
[]\T1/lmr/m/n/12 GroundSegment.models.PropagationDetail.PropagationDetail
 []


Overfull \hbox (130.75067pt too wide) in paragraph at lines 117--119
[]| \T1/lmr/m/n/12 Ground-Seg-ment.models.PropagationDetail.PropagationDetail.s
ave
 []


Overfull \hbox (21.24387pt too wide) in paragraph at lines 119--121
[]\T1/lmr/m/n/12 GroundSegment.models.Satellite.Satellite \T1/lmr/m/it/12 (clas
s)\T1/lmr/m/n/12 ,
 []


Overfull \hbox (54.03813pt too wide) in paragraph at lines 121--123
[]| \T1/lmr/m/n/12 Ground-Seg-ment.models.Satellite.Satellite.__str__
 []


Overfull \hbox (106.17807pt too wide) in paragraph at lines 123--125
[]| \T1/lmr/m/n/12 Ground-Seg-ment.models.Satellite.Satellite.getCelestialPosit
ion
 []


Overfull \hbox (47.13641pt too wide) in paragraph at lines 125--127
[]| \T1/lmr/m/n/12 Ground-Seg-ment.models.Satellite.Satellite.getCode
 []


Overfull \hbox (66.94159pt too wide) in paragraph at lines 127--129
[]| \T1/lmr/m/n/12 Ground-Seg-ment.models.Satellite.Satellite.getLastTLE
 []


Overfull \hbox (25.26874pt too wide) in paragraph at lines 129--131
[]| \T1/lmr/m/n/12 Ground-Seg-ment.models.Satellite.Satellite.new
 []


Overfull \hbox (57.57706pt too wide) in paragraph at lines 131--133
[]| \T1/lmr/m/n/12 Ground-Seg-ment.models.Satellite.Satellite.newAlarm
 []


Overfull \hbox (35.29605pt too wide) in paragraph at lines 133--135
[]\T1/lmr/m/n/12 GroundSegment.models.SatelliteState.SatelliteState
 []


Overfull \hbox (107.56538pt too wide) in paragraph at lines 135--137
[]| \T1/lmr/m/n/12 Ground-Seg-ment.models.SatelliteState.SatelliteState.__str__

 []


Overfull \hbox (50.898pt too wide) in paragraph at lines 138--140
[]| \T1/lmr/m/n/12 Ground-Seg-ment.models.Site.Site.getPass \T1/lmr/m/it/12 (me
thod)\T1/lmr/m/n/12 ,
 []


Overfull \hbox (17.82281pt too wide) in paragraph at lines 140--142
[]| \T1/lmr/m/n/12 Ground-Seg-ment.models.Site.Site.setAltitude
 []


Overfull \hbox (18.96732pt too wide) in paragraph at lines 142--144
[]| \T1/lmr/m/n/12 Ground-Seg-ment.models.Site.Site.setLatitude
 []


Overfull \hbox (26.80095pt too wide) in paragraph at lines 144--146
[]| \T1/lmr/m/n/12 Ground-Seg-ment.models.Site.Site.setLongitude
 []


Overfull \hbox (11.27652pt too wide) in paragraph at lines 146--148
[]\T1/lmr/m/n/12 GroundSegment.models.SubSystem.SubSystem
 []


Overfull \hbox (83.54585pt too wide) in paragraph at lines 148--150
[]| \T1/lmr/m/n/12 Ground-Seg-ment.models.SubSystem.SubSystem.__str__
 []


Overfull \hbox (51.09332pt too wide) in paragraph at lines 152--154
[]| \T1/lmr/m/n/12 Ground-Seg-ment.models.Tle.Tle.getLine1 \T1/lmr/m/it/12 (met
hod)\T1/lmr/m/n/12 ,
 []


Overfull \hbox (51.09332pt too wide) in paragraph at lines 154--156
[]| \T1/lmr/m/n/12 Ground-Seg-ment.models.Tle.Tle.getLine2 \T1/lmr/m/it/12 (met
hod)\T1/lmr/m/n/12 ,
 []


Overfull \hbox (42.469pt too wide) in paragraph at lines 156--158
[]\T1/lmr/m/n/12 GroundSegment.models.TlmyVarType.TlmyVarType
 []


Overfull \hbox (114.73833pt too wide) in paragraph at lines 158--160
[]| \T1/lmr/m/n/12 Ground-Seg-ment.models.TlmyVarType.TlmyVarType.__str__
 []


Overfull \hbox (110.11708pt too wide) in paragraph at lines 160--162
[]| \T1/lmr/m/n/12 Ground-Seg-ment.models.TlmyVarType.TlmyVarType.getValue
 []


Overfull \hbox (108.87677pt too wide) in paragraph at lines 162--164
[]| \T1/lmr/m/n/12 Ground-Seg-ment.models.TlmyVarType.TlmyVarType.setValue
 []


Overfull \hbox (29.72198pt too wide) in paragraph at lines 164--166
[]\T1/lmr/m/n/12 GroundSegment.models.TmlyVar.TmlyVar \T1/lmr/m/it/12 (class)\T
1/lmr/m/n/12 ,
 []


Overfull \hbox (57.895pt too wide) in paragraph at lines 166--168
[]| \T1/lmr/m/n/12 Ground-Seg-ment.models.TmlyVar.TmlyVar.getValue
 []


Overfull \hbox (56.6547pt too wide) in paragraph at lines 168--170
[]| \T1/lmr/m/n/12 Ground-Seg-ment.models.TmlyVar.TmlyVar.setValue
 []

[43])
Package atveryend Info: Empty hook `BeforeClearDocument' on input line 152.
Package atveryend Info: Empty hook `AfterLastShipout' on input line 152.
 (./api.aux (./GroundSegment.models-module.aux)
(./GroundSegment.models.Alarm-module.aux)
(./GroundSegment.models.Alarm.Action-module.aux)
(./GroundSegment.models.Alarm.Alarm-module.aux)
(./GroundSegment.models.Alarm.AlarmState-module.aux)
(./GroundSegment.models.Alarm.AlarmType-module.aux)
(./GroundSegment.models.Alarm.Criticity-module.aux)
(./GroundSegment.models.Calibration-module.aux)
(./GroundSegment.models.CommandType-module.aux)
(./GroundSegment.models.CommandTypeParameter-module.aux)
(./GroundSegment.models.Consts-module.aux)
(./GroundSegment.models.Notification-module.aux)
(./GroundSegment.models.Notification.AlarmTypeNotificationType-module.aux)
(./GroundSegment.models.Notification.Contact-module.aux)
(./GroundSegment.models.Notification.MessageTemplate-module.aux)
(./GroundSegment.models.Notification.Notification-module.aux)
(./GroundSegment.models.Notification.NotificationType-module.aux)
(./GroundSegment.models.Parameter-module.aux)
(./GroundSegment.models.Pasada-module.aux)
(./GroundSegment.models.Propagation-module.aux)
(./GroundSegment.models.PropagationDetail-module.aux)
(./GroundSegment.models.Satellite-module.aux)
(./GroundSegment.models.SatelliteState-module.aux)
(./GroundSegment.models.Site-module.aux)
(./GroundSegment.models.Sitio-module.aux)
(./GroundSegment.models.SubSystem-module.aux)
(./GroundSegment.models.Tle-module.aux)
(./GroundSegment.models.TlmyVarType-module.aux)
(./GroundSegment.models.TmlyVar-module.aux)
(./GroundSegment.models.Transforms-module.aux))
Package atveryend Info: Empty hook `AtVeryEndDocument' on input line 152.
Package atveryend Info: Executing hook `AtEndAfterFileList' on input line 152.
Package rerunfilecheck Info: File `api.out' has not changed.
(rerunfilecheck)             Checksum: BEEA1812F70E2A03E691B4F0F79AF19E;8285.


LaTeX Warning: There were undefined references.


LaTeX Warning: Label(s) may have changed. Rerun to get cross-references right.

Package atveryend Info: Empty hook `AtVeryVeryEnd' on input line 152.
 ) 
Here is how much of TeX's memory you used:
 6619 strings out of 494958
 112777 string characters out of 6180055
 202807 words of memory out of 5000000
 9533 multiletter control sequences out of 15000+600000
 73406 words of font info for 61 fonts, out of 8000000 for 9000
 36 hyphenation exceptions out of 8191
 36i,12n,43p,652b,435s stack positions out of 5000i,500n,10000p,200000b,80000s

Output written on api.dvi (43 pages, 238928 bytes).
